Using pre-set license
Built from '2021.3/staging' branch; Version is '2021.3.25f1 (68ef2c4f8861) revision 6876972'; Using compiler version '192829333'; Build Type 'Release'
OS: 'Windows 10  (10.0.19045) 64bit Enterprise' Language: 'en' Physical Memory: 65224 MB
BatchMode: 1, IsHumanControllingUs: 0, StartBugReporterOnCrash: 0, Is64bit: 1, IsPro: 1

COMMAND LINE ARGUMENTS:
C:\Program Files\Unity\Hub\Editor\2021.3.25f1\Editor\Unity.exe
-adb2
-batchMode
-noUpm
-name
AssetImportWorker0
-projectPath
C:/Users/alexander.roache/Documents/GitHub/DungeonImproved
-logFile
Logs/AssetImportWorker0.log
-srvPort
58624
Successfully changed project path to: C:/Users/alexander.roache/Documents/GitHub/DungeonImproved
C:/Users/alexander.roache/Documents/GitHub/DungeonImproved
[UnityMemory] Configuration Parameters - Can be set up in boot.config
    "memorysetup-bucket-allocator-granularity=16"
    "memorysetup-bucket-allocator-bucket-count=8"
    "memorysetup-bucket-allocator-block-size=33554432"
    "memorysetup-bucket-allocator-block-count=8"
    "memorysetup-main-allocator-block-size=16777216"
    "memorysetup-thread-allocator-block-size=16777216"
    "memorysetup-gfx-main-allocator-block-size=16777216"
    "memorysetup-gfx-thread-allocator-block-size=16777216"
    "memorysetup-cache-allocator-block-size=4194304"
    "memorysetup-typetree-allocator-block-size=2097152"
    "memorysetup-profiler-bucket-allocator-granularity=16"
    "memorysetup-profiler-bucket-allocator-bucket-count=8"
    "memorysetup-profiler-bucket-allocator-block-size=33554432"
    "memorysetup-profiler-bucket-allocator-block-count=8"
    "memorysetup-profiler-allocator-block-size=16777216"
    "memorysetup-profiler-editor-allocator-block-size=1048576"
    "memorysetup-temp-allocator-size-main=16777216"
    "memorysetup-job-temp-allocator-block-size=2097152"
    "memorysetup-job-temp-allocator-block-size-background=1048576"
    "memorysetup-job-temp-allocator-reduction-small-platforms=262144"
    "memorysetup-temp-allocator-size-background-worker=32768"
    "memorysetup-temp-allocator-size-job-worker=262144"
    "memorysetup-temp-allocator-size-preload-manager=33554432"
    "memorysetup-temp-allocator-size-nav-mesh-worker=65536"
    "memorysetup-temp-allocator-size-audio-worker=65536"
    "memorysetup-temp-allocator-size-cloud-worker=32768"
    "memorysetup-temp-allocator-size-gi-baking-worker=262144"
    "memorysetup-temp-allocator-size-gfx=262144"
Player connection [19344] Host "[IP] 172.27.14.55 [Port] 0 [Flags] 2 [Guid] 1659964582 [EditorId] 1659964582 [Version] 1048832 [Id] WindowsEditor(7,NS00J002010DE17) [Debug] 1 [PackageName] WindowsEditor [ProjectName] Editor" joined multi-casting on [225.0.0.222:54997]...

Player connection [19344] Host "[IP] 172.27.14.55 [Port] 0 [Flags] 2 [Guid] 1659964582 [EditorId] 1659964582 [Version] 1048832 [Id] WindowsEditor(7,NS00J002010DE17) [Debug] 1 [PackageName] WindowsEditor [ProjectName] Editor" joined alternative multi-casting on [225.0.0.222:34997]...

Refreshing native plugins compatible for Editor in 163.94 ms, found 3 plugins.
Preloading 0 native plugins for Editor in 0.00 ms.
Initialize engine version: 2021.3.25f1 (68ef2c4f8861)
[Subsystems] Discovering subsystems at path C:/Program Files/Unity/Hub/Editor/2021.3.25f1/Editor/Data/Resources/UnitySubsystems
[Subsystems] Discovering subsystems at path C:/Users/alexander.roache/Documents/GitHub/DungeonImproved/Assets
GfxDevice: creating device client; threaded=0; jobified=0
Direct3D:
    Version:  Direct3D 11.0 [level 11.1]
    Renderer: NVIDIA GeForce RTX 3090 (ID=0x2204)
    Vendor:   NVIDIA
    VRAM:     24340 MB
    Driver:   31.0.15.3161
Initialize mono
Mono path[0] = 'C:/Program Files/Unity/Hub/Editor/2021.3.25f1/Editor/Data/Managed'
Mono path[1] = 'C:/Program Files/Unity/Hub/Editor/2021.3.25f1/Editor/Data/MonoBleedingEdge/lib/mono/unityjit-win32'
Mono config path = 'C:/Program Files/Unity/Hub/Editor/2021.3.25f1/Editor/Data/MonoBleedingEdge/etc'
Using monoOptions --debugger-agent=transport=dt_socket,embedding=1,server=y,suspend=n,address=127.0.0.1:56032
Begin MonoManager ReloadAssembly
Registering precompiled unity dll's ...
Register platform support module: C:/Program Files/Unity/Hub/Editor/2021.3.25f1/Editor/Data/PlaybackEngines/AndroidPlayer/UnityEditor.Android.Extensions.dll
Register platform support module: C:/Program Files/Unity/Hub/Editor/2021.3.25f1/Editor/Data/PlaybackEngines/WindowsStandaloneSupport/UnityEditor.WindowsStandalone.Extensions.dll
Registered in 0.154791 seconds.
Native extension for WindowsStandalone target not found
Native extension for Android target not found
Android Extension - Scanning For ADB Devices 393 ms
Refreshing native plugins compatible for Editor in 70.10 ms, found 3 plugins.
Preloading 0 native plugins for Editor in 0.00 ms.
Mono: successfully reloaded assembly
- Completed reload, in  4.456 seconds
Domain Reload Profiling:
	ReloadAssembly (4456ms)
		BeginReloadAssembly (2693ms)
			ExecutionOrderSort (0ms)
			DisableScriptedObjects (0ms)
			BackupInstance (0ms)
			ReleaseScriptingObjects (0ms)
			CreateAndSetChildDomain (1ms)
		EndReloadAssembly (1369ms)
			LoadAssemblies (2691ms)
			RebuildTransferFunctionScriptingTraits (0ms)
			SetupTypeCache (548ms)
			ReleaseScriptCaches (0ms)
			RebuildScriptCaches (30ms)
			SetupLoadedEditorAssemblies (734ms)
				LogAssemblyErrors (0ms)
				InitializePlatformSupportModulesInManaged (519ms)
				SetLoadedEditorAssemblies (0ms)
				RefreshPlugins (70ms)
				BeforeProcessingInitializeOnLoad (2ms)
				ProcessInitializeOnLoadAttributes (93ms)
				ProcessInitializeOnLoadMethodAttributes (50ms)
				AfterProcessingInitializeOnLoad (0ms)
				EditorAssembliesLoaded (0ms)
			ExecutionOrderSort2 (0ms)
			AwakeInstancesAfterBackupRestoration (0ms)
Platform modules already initialized, skipping
Registering precompiled user dll's ...
Registered in 0.811910 seconds.
Begin MonoManager ReloadAssembly
Symbol file LoadedFromMemory doesn't match image C:\Users\alexander.roache\Documents\GitHub\DungeonImproved\Library\PackageCache\com.unity.visualscripting@1.8.0\Editor\VisualScripting.Core\Dependencies\YamlDotNet\Unity.VisualScripting.YamlDotNet.dll
Symbol file LoadedFromMemory doesn't match image C:\Users\alexander.roache\Documents\GitHub\DungeonImproved\Library\PackageCache\com.unity.visualscripting@1.8.0\Editor\VisualScripting.Core\Dependencies\DotNetZip\Unity.VisualScripting.IonicZip.dll
Native extension for WindowsStandalone target not found
Native extension for Android target not found
Refreshing native plugins compatible for Editor in 0.61 ms, found 3 plugins.
Preloading 0 native plugins for Editor in 0.00 ms.
Mono: successfully reloaded assembly
- Completed reload, in  3.375 seconds
Domain Reload Profiling:
	ReloadAssembly (3376ms)
		BeginReloadAssembly (104ms)
			ExecutionOrderSort (0ms)
			DisableScriptedObjects (7ms)
			BackupInstance (0ms)
			ReleaseScriptingObjects (0ms)
			CreateAndSetChildDomain (17ms)
		EndReloadAssembly (3123ms)
			LoadAssemblies (2033ms)
			RebuildTransferFunctionScriptingTraits (0ms)
			SetupTypeCache (609ms)
			ReleaseScriptCaches (0ms)
			RebuildScriptCaches (50ms)
			SetupLoadedEditorAssemblies (362ms)
				LogAssemblyErrors (0ms)
				InitializePlatformSupportModulesInManaged (22ms)
				SetLoadedEditorAssemblies (0ms)
				RefreshPlugins (1ms)
				BeforeProcessingInitializeOnLoad (79ms)
				ProcessInitializeOnLoadAttributes (232ms)
				ProcessInitializeOnLoadMethodAttributes (20ms)
				AfterProcessingInitializeOnLoad (8ms)
				EditorAssembliesLoaded (0ms)
			ExecutionOrderSort2 (0ms)
			AwakeInstancesAfterBackupRestoration (7ms)
Platform modules already initialized, skipping
========================================================================
Worker process is ready to serve import requests
Launched and connected shader compiler UnityShaderCompiler.exe after 0.07 seconds
Refreshing native plugins compatible for Editor in 0.56 ms, found 3 plugins.
Preloading 0 native plugins for Editor in 0.00 ms.
Unloading 3425 Unused Serialized files (Serialized files now loaded: 0)
Unloading 23 unused Assets / (323.8 KB). Loaded Objects now: 3891.
Memory consumption went from 128.5 MB to 128.1 MB.
Total: 3.024700 ms (FindLiveObjects: 0.377600 ms CreateObjectMapping: 0.130800 ms MarkObjects: 2.427200 ms  DeleteObjects: 0.088200 ms)

AssetImportParameters requested are different than current active one (requested -> active):
  custom:video-decoder-ogg-theora: a1e56fd34408186e4bbccfd4996cb3dc -> 
  custom:container-muxer-webm: aa71ff27fc2769a1b78a27578f13a17b -> 
  custom:container-demuxer-webm: 4f35f7cbe854078d1ac9338744f61a02 -> 
  custom:video-encoder-webm-vp8: eb34c28f22e8b96e1ab97ce403110664 -> 
  custom:audio-encoder-webm-vorbis: bf7c407c2cedff20999df2af8eb42d56 -> 
  custom:framework-win-MediaFoundation: 216162199b28c13a410421893ffa2e32 -> 
  custom:container-demuxer-ogg: 62fdf1f143b41e24485cea50d1cbac27 -> 
  custom:video-decoder-webm-vp8: 9c59270c3fd7afecdb556c50c9e8de78 -> 
  custom:audio-decoder-ogg-vorbis: bf7c407c2cedff20999df2af8eb42d56 -> 
========================================================================
Received Import Request.
  Time since last request: 4526.287089 seconds.
  path: Assets/RefernceImages/gothwalltorch.jpg
  artifactKey: Guid(4058b26eb39925846ae3c433ceaadcce) Importer(815301076,1909f56bfc062723c751e8b465ee728b)
Start importing Assets/RefernceImages/gothwalltorch.jpg using Guid(4058b26eb39925846ae3c433ceaadcce) Importer(815301076,1909f56bfc062723c751e8b465ee728b)  -> (artifact id: '3f9f589af58025053c0ccf64601b8e33') in 0.084487 seconds 
========================================================================
Received Import Request.
  Time since last request: 0.000027 seconds.
  path: Assets/RefernceImages/walltorch.jpg
  artifactKey: Guid(7f02795e7c06a874a9df4f848bee4811) Importer(815301076,1909f56bfc062723c751e8b465ee728b)
Start importing Assets/RefernceImages/walltorch.jpg using Guid(7f02795e7c06a874a9df4f848bee4811) Importer(815301076,1909f56bfc062723c751e8b465ee728b)  -> (artifact id: 'c330896eae2ba747dc506eedc6f4c497') in 0.013618 seconds 
========================================================================
Received Import Request.
  Time since last request: 15.865343 seconds.
  path: Assets
  artifactKey: Guid(00000000000000001000000000000000) Importer(815301076,1909f56bfc062723c751e8b465ee728b)
Start importing Assets using Guid(00000000000000001000000000000000) Importer(815301076,1909f56bfc062723c751e8b465ee728b)  -> (artifact id: '79842766b460edbeab6a34051e857a80') in 0.013867 seconds 
========================================================================
Received Import Request.
  Time since last request: 5.709736 seconds.
  path: Assets/Materials
  artifactKey: Guid(5c20dc4ba94ea77429aaf8fc4ab411f2) Importer(815301076,1909f56bfc062723c751e8b465ee728b)
Start importing Assets/Materials using Guid(5c20dc4ba94ea77429aaf8fc4ab411f2) Importer(815301076,1909f56bfc062723c751e8b465ee728b)  -> (artifact id: '8bbfddb9d23969f4e36140011a3ecd63') in 0.009671 seconds 
========================================================================
Received Import Request.
  Time since last request: 14.193266 seconds.
  path: Assets/Materials/metal.mat
  artifactKey: Guid(346fe4401d1afc744be0ef72fcd4e9a4) Importer(815301076,1909f56bfc062723c751e8b465ee728b)
Start importing Assets/Materials/metal.mat using Guid(346fe4401d1afc744be0ef72fcd4e9a4) Importer(815301076,1909f56bfc062723c751e8b465ee728b)  -> (artifact id: 'f5108710429f0bcc2081f94ae0a4c21f') in 0.269866 seconds 
========================================================================
Received Import Request.
  Time since last request: 73.082350 seconds.
  path: Assets/Materials/wood.mat
  artifactKey: Guid(93bb9a64d12fd8a49b7b4e7298d2ccb9) Importer(815301076,1909f56bfc062723c751e8b465ee728b)
Start importing Assets/Materials/wood.mat using Guid(93bb9a64d12fd8a49b7b4e7298d2ccb9) Importer(815301076,1909f56bfc062723c751e8b465ee728b)  -> (artifact id: '8b27a12f0f28857ab250fb096091ee35') in 0.015752 seconds 
========================================================================
Received Import Request.
  Time since last request: 121.649824 seconds.
  path: Assets/Materials/burnt_wood.mat
  artifactKey: Guid(93bb9a64d12fd8a49b7b4e7298d2ccb9) Importer(815301076,1909f56bfc062723c751e8b465ee728b)
Start importing Assets/Materials/burnt_wood.mat using Guid(93bb9a64d12fd8a49b7b4e7298d2ccb9) Importer(815301076,1909f56bfc062723c751e8b465ee728b)  -> (artifact id: '531c37d4253ef21b24df6e7c23b7d3c8') in 0.094438 seconds 
========================================================================
Received Import Request.
  Time since last request: 9.486907 seconds.
  path: Assets/Materials/wood.mat
  artifactKey: Guid(f85685677ac16f74db3fcfeb795a19ba) Importer(815301076,1909f56bfc062723c751e8b465ee728b)
Start importing Assets/Materials/wood.mat using Guid(f85685677ac16f74db3fcfeb795a19ba) Importer(815301076,1909f56bfc062723c751e8b465ee728b)  -> (artifact id: 'c89ad2a5b44116d86102eb011eb3bf92') in 0.058590 seconds 
========================================================================
Received Import Request.
  Time since last request: 46.656917 seconds.
  path: Packages/com.unity.probuilder/Content/Resources/Textures/GridBox_Default.png
  artifactKey: Guid(6344bf96fbda94141a525046d088fb23) Importer(815301076,1909f56bfc062723c751e8b465ee728b)
Start importing Packages/com.unity.probuilder/Content/Resources/Textures/GridBox_Default.png using Guid(6344bf96fbda94141a525046d088fb23) Importer(815301076,1909f56bfc062723c751e8b465ee728b)  -> (artifact id: 'ffe470ff8bfe5bb6f8875a0360d15148') in 0.080042 seconds 
========================================================================
Received Import Request.
  Time since last request: 99.799368 seconds.
  path: Assets/Materials/metal.mat
  artifactKey: Guid(346fe4401d1afc744be0ef72fcd4e9a4) Importer(815301076,1909f56bfc062723c751e8b465ee728b)
Start importing Assets/Materials/metal.mat using Guid(346fe4401d1afc744be0ef72fcd4e9a4) Importer(815301076,1909f56bfc062723c751e8b465ee728b)  -> (artifact id: '3cbd24860a2e92080a5e7179b4c328c6') in 0.019886 seconds 
========================================================================
Received Import Request.
  Time since last request: 10.080944 seconds.
  path: Assets/Materials/silver-metal.mat
  artifactKey: Guid(346fe4401d1afc744be0ef72fcd4e9a4) Importer(815301076,1909f56bfc062723c751e8b465ee728b)
Start importing Assets/Materials/silver-metal.mat using Guid(346fe4401d1afc744be0ef72fcd4e9a4) Importer(815301076,1909f56bfc062723c751e8b465ee728b)  -> (artifact id: 'd96168ac4d06ade9b8afafd7560364fc') in 0.013859 seconds 
========================================================================
Received Import Request.
  Time since last request: 9.890125 seconds.
  path: Assets/Materials/normal_wood.mat
  artifactKey: Guid(f85685677ac16f74db3fcfeb795a19ba) Importer(815301076,1909f56bfc062723c751e8b465ee728b)
Start importing Assets/Materials/normal_wood.mat using Guid(f85685677ac16f74db3fcfeb795a19ba) Importer(815301076,1909f56bfc062723c751e8b465ee728b)  -> (artifact id: 'bf8eb321754aacd6e747e1b7ea2a7c08') in 0.100981 seconds 
========================================================================
Received Import Request.
  Time since last request: 4.749790 seconds.
  path: Assets/Materials/silvermetal.mat
  artifactKey: Guid(346fe4401d1afc744be0ef72fcd4e9a4) Importer(815301076,1909f56bfc062723c751e8b465ee728b)
Start importing Assets/Materials/silvermetal.mat using Guid(346fe4401d1afc744be0ef72fcd4e9a4) Importer(815301076,1909f56bfc062723c751e8b465ee728b)  -> (artifact id: 'ee1d2a996cfb766a4dccd182875aaa25') in 0.070425 seconds 
========================================================================
Received Import Request.
  Time since last request: 5.005526 seconds.
  path: Assets/Materials/silver_metal.mat
  artifactKey: Guid(346fe4401d1afc744be0ef72fcd4e9a4) Importer(815301076,1909f56bfc062723c751e8b465ee728b)
Start importing Assets/Materials/silver_metal.mat using Guid(346fe4401d1afc744be0ef72fcd4e9a4) Importer(815301076,1909f56bfc062723c751e8b465ee728b)  -> (artifact id: 'c0ae17c0e4e1c5e17a93ac53d4192ec5') in 0.041580 seconds 
========================================================================
Received Import Request.
  Time since last request: 56.022690 seconds.
  path: Assets/RefernceImages/Burnt-Wood-Effect-1600x1024.jpeg
  artifactKey: Guid(44bbf65fdf7d1c5498ad1b038bbdc845) Importer(815301076,1909f56bfc062723c751e8b465ee728b)
Start importing Assets/RefernceImages/Burnt-Wood-Effect-1600x1024.jpeg using Guid(44bbf65fdf7d1c5498ad1b038bbdc845) Importer(815301076,1909f56bfc062723c751e8b465ee728b)  -> (artifact id: 'b1238b18e568e85ac304ff3d212cbf9f') in 0.019614 seconds 
